Auto logged Info for the Quadratic Eigen Value Problem(Brake Squeal Project)

In Driver file

BrakeClass Attributes and there values
logger_i   <logging.Logger object at 0x2811550>
cutoff   0.0001
enable   0
log_level   20
target   [  -10  1000   -50 12000]
desired_area_fraction   0.99
data_file_list   ['BMLL', 'BDLL', 'BYLL', 'BDIWLL', 'BHLL', 'BKLL', 'BKQLL', 'BWLL']
omegaRef   1
time_log_file   /home/ali/Desktop/BrakeSqueal0.1/output/time_13Sep.log
fRef   1600
omega_range   [   6.28318531  125.66370614]
evs_per_shift   30
output_path   /home/ali/Desktop/BrakeSqueal0.1/output/
info_log_file   /home/ali/Desktop/BrakeSqueal0.1/output/info_13Sep.log
input_path   /home/ali/Desktop/project/python_source/data/5koref1/
logger_t   <logging.Logger object at 0x2811650>
omega_basis   [   6.28318531  125.66370614]


Beginning Setup Phase
------------------------------------------------------------------------

Creating the Measurment matrix X and Projection matrix Q


-----------------------------------------------------------------
Taking eigenvector snapshots of brakesqueal problem for frequence 1 = 1.0
