Auto logged Info for the Quadratic Eigen Value Problem(Brake Squeal Project)

In Driver file

BrakeClass Attributes and there values
logger_i   <logging.Logger object at 0x1ab80d0>
cutoff   0.0001
enable   0
log_level   20
target   [  -10  1000   -50 12000]
desired_area_fraction   0.99
data_file_list   ['BMLL', 'BDLL', 'BYLL', 'BDIWLL', 'BHLL', 'BKLL', 'BKQLL', 'BWLL']
omegaRef   1
time_log_file   /homes/extern/kadar/Desktop/brake_package/output/time_04Aug.log
omega_range   [  1.           2.72727273   4.45454545   6.18181818   7.90909091
   9.63636364  11.36363636  13.09090909  14.81818182  16.54545455
  18.27272727  20.        ]
evs_per_shift   30
output_path   /homes/extern/kadar/Desktop/brake_package/output/
info_log_file   /homes/extern/kadar/Desktop/brake_package/output/info_04Aug.log
input_path   /homes/extern/kadar/Desktop/project/python_source/data/5koref1/
logger_t   <logging.Logger object at 0x1ab8190>
omega_basis   [   6.28318531  125.66370614]


Beginning Setup Phase
------------------------------------------------------------------------

Creating the Measurment matrix X and Projection matrix Q


-----------------------------------------------------------------
Taking eigenvector snapshots of brakesqueal problem for frequence 1 = 1.0
Eigenvalues in the positive plane: 
('7.385e+01', '1.748e+04')
('5.044e+01', '-1.995e+03')
('1.127e+01', '-3.120e+03')
('9.375e-01', '5.803e+03')
Maximum Residual error(solver) for the QEVP is (3.44317832657e-05+0j)
Maximum Residual error = (1.83187673881e-05+0j)

for Shift 1 = (495+5975j) approximate area fraction covered = 1.0


-----------------------------------------------------------------
Taking eigenvector snapshots of brakesqueal problem for frequence 2 = 20.0
Eigenvalues in the positive plane: 
('6.269e+01', '1.702e+04')
('3.851e+01', '-1.994e+03')
('6.161e+00', '-3.085e+03')
('1.073e+00', '5.804e+03')
Maximum Residual error(solver) for the QEVP is (3.43352135805e-05+0j)
Maximum Residual error = (1.82119066821e-05+0j)

for Shift 1 = (495+5975j) approximate area fraction covered = 1.0



------------------ Now creating the Measurment matrix --------
The number of QEVP solved = 2

The number of eigenvectors computed for frequency 1 = 30

The number of eigenvectors computed for frequency 2 = 30

The shapes of U,s,V of the measurment matrix are as follows (4669, 120) (120,) (120, 120)
The no of singular values = 120
The no of singular values after truncation = 70
The dimensions of the projection matrix = (4669, 70)
