Auto logged Info for the Quadratic Eigen Value Problem(Brake Squeal Project)

Time = 0


SOLVER: LU Factorization of sparse K using spilu in time : 2.30 sec
SOLVER: Call to python eigs command: 4.54 sec


------------------------------------
Reading: 0.29 sec
Assembling: 0.08 sec
Shifting: 0.03 sec
Scaling: 0.38 sec
Diagonal Scaling: 0.71 sec
Total Eigenvalue Computation Time: 6.84 sec
Unfolding: 0.03 sec
Error Analysis1(standard QEVP): 4.62 sec
Error Analysis2(after unfolding): 4.62 sec
------------------------------------
	Total time taken by Obtain_eigs = 17.59 sec


		Total time taken by Brake Squeal Qevp = 18.27 sec


SOLVER: LU Factorization of sparse K using spilu in time : 2.26 sec
SOLVER: Call to python eigs command: 4.36 sec


------------------------------------
Reading: 0.01 sec
Assembling: 0.03 sec
Shifting: 0.02 sec
Scaling: 0.37 sec
Diagonal Scaling: 0.70 sec
Total Eigenvalue Computation Time: 6.63 sec
Unfolding: 0.03 sec
Error Analysis1(standard QEVP): 4.60 sec
Error Analysis2(after unfolding): 4.64 sec
------------------------------------
	Total time taken by Obtain_eigs = 17.03 sec


		Total time taken by Brake Squeal Qevp = 17.26 sec


		Time taken to compute svd = 0.56


Logging Simulation Times
