Auto logged Info for the Quadratic Eigen Value Problem(Brake Squeal Project)

Time = 0


SOLVER: LU Factorization of sparse K using spilu in time : 2.34 sec
SOLVER: Call to python eigs command: 4.59 sec


------------------------------------
Reading: 0.02 sec
Assembling: 0.06 sec
Shifting: 0.03 sec
Scaling: 0.39 sec
Diagonal Scaling: 0.74 sec
Total Eigenvalue Computation Time: 6.93 sec
Unfolding: 0.03 sec
Error Analysis1(standard QEVP): 4.82 sec
Error Analysis2(after unfolding): 4.89 sec
------------------------------------
	Total time taken by Obtain_eigs = 17.90 sec


		Total time taken by Brake Squeal Qevp = 18.33 sec


SOLVER: LU Factorization of sparse K using spilu in time : 2.32 sec
SOLVER: Call to python eigs command: 4.52 sec


------------------------------------
Reading: 0.01 sec
Assembling: 0.03 sec
Shifting: 0.02 sec
Scaling: 0.38 sec
Diagonal Scaling: 0.73 sec
Total Eigenvalue Computation Time: 6.85 sec
Unfolding: 0.03 sec
Error Analysis1(standard QEVP): 4.77 sec
Error Analysis2(after unfolding): 4.80 sec
------------------------------------
	Total time taken by Obtain_eigs = 17.63 sec


		Total time taken by Brake Squeal Qevp = 17.87 sec


		Time taken to compute svd = 0.55


Logging Simulation Times
Simulation time for the 1th simulation: 0.72 sec
Simulation time for the 2th simulation: 0.72 sec
