Auto logged Info for the Quadratic Eigen Value Problem(Brake Squeal Project)

Time = 0


SOLVER: LU Factorization of sparse K using spilu in time : 0.98 sec
SOLVER: Call to python eigs command: 2.03 sec


------------------------------------
Reading: 0.02 sec
Assembling: 0.02 sec
Shifting: 0.01 sec
Scaling: 0.31 sec
Diagonal Scaling: 0.36 sec
Total Eigenvalue Computation Time: 3.01 sec
Unfolding: 0.01 sec
Error Analysis1(standard QEVP): 3.59 sec
Error Analysis2(after unfolding): 3.58 sec
------------------------------------
	Total time taken by Obtain_eigs = 10.92 sec


		Total time taken by Brake Squeal Qevp = 11.20 sec


SOLVER: LU Factorization of sparse K using spilu in time : 0.98 sec
SOLVER: Call to python eigs command: 2.19 sec


------------------------------------
Reading: 0.01 sec
Assembling: 0.02 sec
Shifting: 0.01 sec
Scaling: 0.31 sec
Diagonal Scaling: 0.36 sec
Total Eigenvalue Computation Time: 3.18 sec
Unfolding: 0.01 sec
Error Analysis1(standard QEVP): 3.58 sec
Error Analysis2(after unfolding): 3.58 sec
------------------------------------
	Total time taken by Obtain_eigs = 11.05 sec


		Total time taken by Brake Squeal Qevp = 11.28 sec


		Time taken to compute svd = 0.26
