Auto logged Info for the Quadratic Eigen Value Problem(Brake Squeal Project)

In Driver file

BrakeClass Attributes and there values
logger_i   <logging.Logger object at 0x22936d0>
omega_basis   [   6.28318531  125.66370614]
enable   0
log_level   10
target   [  -10  1000   -50 12000]
desired_area_fraction   0.99
cutoff   0.0001
data_file_list   ['BMLL', 'BDLL', 'BYLL', 'BDIWLL', 'BHLL', 'BKLL', 'BKQLL', 'BWLL']
data_file_name   ['M1', 'D1', 'DG', 'DR', 'D4', 'K1', 'KR', 'KGeo']
time_log_file   ./output/time_27Jan.log
fRef   1600
omega_range   [   6.28318531  125.66370614]
evs_per_shift   30
output_path   ./output/
info_log_file   ./output/info_27Jan.log
input_path   ./data/5koref1/
logger_t   <logging.Logger object at 0x22937d0>
omegaRef   1


Beginning Setup Phase
------------------------------------------------------------------------

Creating the Measurment matrix X and Projection matrix Q


-----------------------------------------------------------------
Taking eigenvector snapshots of brakesqueal problem for frequence 1 = 1.0



In load matrices (load_matrices.py)
-------------------------------------------------------------------
loading the following .mat files ['BMLL', 'BDLL', 'BYLL', 'BDIWLL', 'BHLL', 'BKLL', 'BKQLL', 'BWLL']
load returns a list of matrices in Compressed Sparse Column format of type numpy.float64



In assemble matrices (assemble.py)
----------------------------------------------------------------
Matrices in CSC format converted to CSR
BMLL M1 Nonzeros = 93207 1-Norm = 8.96133313175e-05
BDLL D1 Nonzeros = 5683 1-Norm = 10.3582462023
BYLL DG Nonzeros = 66643 1-Norm = 0.000219139615422
BDIWLL DR Nonzeros = 5683 1-Norm = 10.3582462023
BHLL D4 Nonzeros = 23885 1-Norm = 63318.9475855
BKLL K1 Nonzeros = 280845 1-Norm = 106806847.78
BKQLL KR Nonzeros = 21646 1-Norm = 357014.030151
BWLL KGeo Nonzeros = 280871 1-Norm = 0.00383850269256


Properties of assembled matrices
M  Nonzeros = 93207 1-Norm = 8.96133313175e-05
C  Nonzeros = 71536 1-Norm = 12.0068122872
K  Nonzeros = 291758 1-Norm = 107410423.147



In shift matrices (shift_matrices.py)
----------------------------------------------------------------
Shifting about the point (495+5975j)
Properties of shifted matrices

M  No of nonzeros = 93207 1-Norm = 8.96133313175e-05
C  No of nonzeros = 97509 1-Norm = 12.3562601053
K  No of nonzeros = 291758 1-Norm = 107410223.501



In scale matrices (scale_matrices.py)
----------------------------------------------------------------
