Auto logged Info for the Quadratic Eigen Value Problem(Brake Squeal Project)

Time = 0


SOLVER: LU Factorization of sparse K using spilu in time : 0.86 sec
SOLVER: Call to python eigs command: 1.59 sec


------------------------------------
Reading: 0.01 sec
Assembling: 0.02 sec
Shifting: 0.01 sec
Scaling: 0.30 sec
Diagonal Scaling: 0.33 sec
Total Eigenvalue Computation Time: 2.46 sec
Unfolding: 0.01 sec
Error Analysis1(standard QEVP): 3.37 sec
Error Analysis2(after unfolding): 3.34 sec
------------------------------------
	Total time taken by Obtain_eigs = 9.85 sec


		Total time taken by Brake Squeal Qevp = 10.10 sec


SOLVER: LU Factorization of sparse K using spilu in time : 0.86 sec
SOLVER: Call to python eigs command: 1.59 sec


------------------------------------
Reading: 0.01 sec
Assembling: 0.02 sec
Shifting: 0.01 sec
Scaling: 0.29 sec
Diagonal Scaling: 0.33 sec
Total Eigenvalue Computation Time: 2.45 sec
Unfolding: 0.01 sec
Error Analysis1(standard QEVP): 3.35 sec
Error Analysis2(after unfolding): 3.35 sec
------------------------------------
	Total time taken by Obtain_eigs = 9.83 sec


		Total time taken by Brake Squeal Qevp = 10.03 sec


		Time taken to compute svd = 0.22
