Auto logged Info for the Quadratic Eigen Value Problem(Brake Squeal Project)

Time = 0


SOLVER: LU Factorization of sparse K using spilu in time : 1.91 sec
SOLVER: Call to python eigs command: 3.14 sec


------------------------------------
Reading: 0.02 sec
Assembling: 0.05 sec
Shifting: 0.04 sec
Scaling: 0.55 sec
Diagonal Scaling: 1.34 sec
Total Eigenvalue Computation Time: 5.06 sec
Unfolding: 0.06 sec
Error Analysis1(standard QEVP): 6.64 sec
Error Analysis2(after unfolding): 6.77 sec
------------------------------------
	Total time taken by Obtain_eigs = 20.53 sec


		Total time taken by Brake Squeal Qevp = 21.05 sec


SOLVER: LU Factorization of sparse K using spilu in time : 1.98 sec
SOLVER: Call to python eigs command: 3.75 sec


------------------------------------
Reading: 0.02 sec
Assembling: 0.05 sec
Shifting: 0.04 sec
Scaling: 0.55 sec
Diagonal Scaling: 1.34 sec
Total Eigenvalue Computation Time: 5.74 sec
Unfolding: 0.06 sec
Error Analysis1(standard QEVP): 6.73 sec
Error Analysis2(after unfolding): 6.99 sec
------------------------------------
	Total time taken by Obtain_eigs = 21.52 sec


		Total time taken by Brake Squeal Qevp = 21.87 sec


		Time taken to compute svd = 0.59
