Auto logged Info for the Quadratic Eigen Value Problem(Brake Squeal Project)

Time = 0


SOLVER: LU Factorization of sparse K using spilu in time : 2.44 sec
SOLVER: Call to python eigs command: 4.75 sec


------------------------------------
Reading: 0.01 sec
Assembling: 1.23 sec
Shifting: 0.40 sec
Scaling: 0.43 sec
Diagonal Scaling: 25.03 sec
Total Eigenvalue Computation Time: 7.21 sec
Unfolding: 0.03 sec
Error Analysis1(standard QEVP): 4.91 sec
Error Analysis2(after unfolding): 4.97 sec
------------------------------------
	Total time taken by Obtain_eigs = 44.22 sec


		Total time taken by Brake Squeal Qevp = 44.67 sec


SOLVER: LU Factorization of sparse K using spilu in time : 2.82 sec
SOLVER: Call to python eigs command: 5.30 sec


------------------------------------
Reading: 0.01 sec
Assembling: 1.34 sec
Shifting: 0.42 sec
Scaling: 0.40 sec
Diagonal Scaling: 28.15 sec
Total Eigenvalue Computation Time: 8.13 sec
Unfolding: 0.03 sec
Error Analysis1(standard QEVP): 5.60 sec
Error Analysis2(after unfolding): 5.51 sec
------------------------------------
	Total time taken by Obtain_eigs = 49.59 sec


		Total time taken by Brake Squeal Qevp = 49.88 sec


SOLVER: LU Factorization of sparse K using spilu in time : 3.58 sec
SOLVER: Call to python eigs command: 6.43 sec


------------------------------------
Reading: 0.01 sec
Assembling: 1.46 sec
Shifting: 0.45 sec
Scaling: 0.44 sec
Diagonal Scaling: 26.97 sec
Total Eigenvalue Computation Time: 10.03 sec
Unfolding: 0.03 sec
Error Analysis1(standard QEVP): 6.69 sec
Error Analysis2(after unfolding): 6.65 sec
------------------------------------
	Total time taken by Obtain_eigs = 52.73 sec


		Total time taken by Brake Squeal Qevp = 53.08 sec


		Time taken to compute svd = 1.44


Logging Simulation Times
Simulation time for the 1th simulation: 2.56 sec
Simulation time for the 2th simulation: 2.73 sec
Simulation time for the 3th simulation: 3.00 sec
Simulation time for the 4th simulation: 2.62 sec
Simulation time for the 5th simulation: 2.66 sec
Simulation time for the 6th simulation: 2.98 sec
Simulation time for the 7th simulation: 3.16 sec
Simulation time for the 8th simulation: 2.67 sec
Simulation time for the 9th simulation: 3.12 sec
Simulation time for the 10th simulation: 2.93 sec
