\BOOKMARK [0][-]{chapter.1}{brake}{}% 1
\BOOKMARK [1][-]{section.1.1}{\137\137init\137\137}{chapter.1}% 2
\BOOKMARK [0][-]{chapter.2}{initialize}{}% 3
\BOOKMARK [1][-]{section.2.1}{logger}{chapter.2}% 4
\BOOKMARK [1][-]{section.2.2}{load}{chapter.2}% 5
\BOOKMARK [1][-]{section.2.3}{assemble}{chapter.2}% 6
\BOOKMARK [1][-]{section.2.4}{shift}{chapter.2}% 7
\BOOKMARK [1][-]{section.2.5}{scale}{chapter.2}% 8
\BOOKMARK [1][-]{section.2.6}{diagscale}{chapter.2}% 9
\BOOKMARK [1][-]{section.2.7}{unlinearize}{chapter.2}% 10
\BOOKMARK [0][-]{chapter.3}{solve}{}% 11
\BOOKMARK [1][-]{section.3.1}{projection}{chapter.3}% 12
\BOOKMARK [1][-]{section.3.2}{qevp}{chapter.3}% 13
\BOOKMARK [1][-]{section.3.3}{solver}{chapter.3}% 14
\BOOKMARK [1][-]{section.3.4}{cover}{chapter.3}% 15
\BOOKMARK [0][-]{chapter.4}{analyze}{}% 16
\BOOKMARK [1][-]{section.4.1}{residual}{chapter.4}% 17
\BOOKMARK [0][-]{chapter.5}{Indices and tables}{}% 18
\BOOKMARK [0][-]{section*.17}{Python Module Index}{}% 19
\BOOKMARK [0][-]{section*.18}{Index}{}% 20
